Build started...
1>------ Build started: Project: decenber_19th, Configuration: Debug Any CPU ------
1>C:\Users\DELL\source\repos\decenber_19th\decenber_19th\Program.cs(15,13,15,19): error CS0246: The type or namespace name 'Person' could not be found (are you missing a using directive or an assembly reference?)
1>C:\Users\DELL\source\repos\decenber_19th\decenber_19th\Program.cs(15,35,15,41): error CS0246: The type or namespace name 'Person' could not be found (are you missing a using directive or an assembly reference?)
1>C:\Users\DELL\source\repos\decenber_19th\decenber_19th\Program.cs(19,13,19,20): error CS0246: The type or namespace name 'Student' could not be found (are you missing a using directive or an assembly reference?)
1>C:\Users\DELL\source\repos\decenber_19th\decenber_19th\Program.cs(19,37,19,44): error CS0246: The type or namespace name 'Student' could not be found (are you missing a using directive or an assembly reference?)
1>C:\Users\DELL\source\repos\decenber_19th\decenber_19th\Program.cs(24,13,24,20): error CS0246: The type or namespace name 'Teacher' could not be found (are you missing a using directive or an assembly reference?)
1>C:\Users\DELL\source\repos\decenber_19th\decenber_19th\Program.cs(24,37,24,44): error CS0246: The type or namespace name 'Teacher' could not be found (are you missing a using directive or an assembly reference?)
========== Build: 0 succeeded, 1 failed, 0 up-to-date, 0 skipped ==========
